2025-08-03 10:51:57.568 [main] INFO  com.hacom.order_process_system.OrderProcessSystemApplication - Starting Order Processing Application
2025-08-03 10:51:57.570 [main] TRACE com.hacom.order_process_system.OrderProcessSystemApplication - Esto es un log TRACE para pruebas
2025-08-03 10:51:57.995 [main] INFO  com.hacom.order_process_system.OrderProcessSystemApplication - Starting OrderProcessSystemApplication using Java 17.0.15 with PID 15784 (C:\Users\LENOVO\Desktop\Yair\ProyectoJavaEntrevista\order-process-system\build\classes\java\main started by LENOVO in C:\Users\LENOVO\Desktop\Yair\ProyectoJavaEntrevista\order-process-system)
2025-08-03 10:51:57.995 [main] DEBUG com.hacom.order_process_system.OrderProcessSystemApplication - Running with Spring Boot v3.2.0, Spring v6.1.1
2025-08-03 10:51:57.995 [main] INFO  com.hacom.order_process_system.OrderProcessSystemApplication - No active profile set, falling back to 1 default profile: "default"
2025-08-03 10:51:58.686 [main] INFO  org.springframework.data.repository.config.RepositoryConfigurationDelegate - Bootstrapping Spring Data Reactive MongoDB repositories in DEFAULT mode.
2025-08-03 10:51:58.821 [main] INFO  org.springframework.data.repository.config.RepositoryConfigurationDelegate - Finished Spring Data repository scanning in 131 ms. Found 1 Reactive MongoDB repository interface.
2025-08-03 10:51:59.040 [main] INFO  com.hacom.order_process_system.config.WebFluxConfig - Configuring WebFlux server port: 9898
2025-08-03 10:51:59.164 [main] INFO  com.hacom.order_process_system.config.MongoConfig - Creating MongoDB client with URI: mongodb://127.0.0.1:27017
2025-08-03 10:51:59.341 [main] INFO  org.mongodb.driver.client - MongoClient with metadata {"driver": {"name": "mongo-java-driver|reactive-streams", "version": "4.11.1"}, "os": {"type": "Windows", "name": "Windows 10", "architecture": "amd64", "version": "10.0"}, "platform": "Java/Eclipse Adoptium/17.0.15+6"} created with settings MongoClientSettings{readPreference=primary, writeConcern=WriteConcern{w=null, wTimeout=null ms, journal=null}, retryWrites=true, retryReads=true, readConcern=ReadConcern{level=null}, credential=null, transportSettings=null, streamFactoryFactory=null, commandListeners=[], codecRegistry=ProvidersCodecRegistry{codecProviders=[ValueCodecProvider{}, BsonValueCodecProvider{}, DBRefCodecProvider{}, DBObjectCodecProvider{}, DocumentCodecProvider{}, CollectionCodecProvider{}, IterableCodecProvider{}, MapCodecProvider{}, GeoJsonCodecProvider{}, GridFSFileCodecProvider{}, Jsr310CodecProvider{}, JsonObjectCodecProvider{}, BsonCodecProvider{}, EnumCodecProvider{}, com.mongodb.client.model.mql.ExpressionCodecProvider@43e8f1c, com.mongodb.Jep395RecordCodecProvider@66a82a13, com.mongodb.KotlinCodecProvider@675ec28b]}, loggerSettings=LoggerSettings{maxDocumentLength=1000}, clusterSettings={hosts=[127.0.0.1:27017], srvServiceName=mongodb, mode=SINGLE, requiredClusterType=UNKNOWN, requiredReplicaSetName='null', serverSelector='null', clusterListeners='[]', serverSelectionTimeout='30000 ms', localThreshold='15 ms'}, socketSettings=SocketSettings{connectTimeoutMS=10000, readTimeoutMS=0, receiveBufferSize=0, proxySettings=ProxySettings{host=null, port=null, username=null, password=null}}, heartbeatSocketSettings=SocketSettings{connectTimeoutMS=10000, readTimeoutMS=10000, receiveBufferSize=0, proxySettings=ProxySettings{host=null, port=null, username=null, password=null}}, connectionPoolSettings=ConnectionPoolSettings{maxSize=100, minSize=0, maxWaitTimeMS=120000, maxConnectionLifeTimeMS=0, maxConnectionIdleTimeMS=0, maintenanceInitialDelayMS=0, maintenanceFrequencyMS=60000, connectionPoolListeners=[], maxConnecting=2}, serverSettings=ServerSettings{heartbeatFrequencyMS=10000, minHeartbeatFrequencyMS=500, serverListeners='[]', serverMonitorListeners='[]'}, sslSettings=SslSettings{enabled=false, invalidHostNameAllowed=false, context=null}, applicationName='null', compressorList=[], uuidRepresentation=UNSPECIFIED, serverApi=null, autoEncryptionSettings=null, dnsClient=null, inetAddressResolver=null, contextProvider=null}
2025-08-03 10:51:59.346 [main] INFO  com.hacom.order_process_system.config.MongoConfig - Configuring MongoDB database: exampleDb
2025-08-03 10:51:59.349 [main] INFO  com.hacom.order_process_system.config.MongoConfig - Registering custom Mongo converters for OffsetDateTime
2025-08-03 10:51:59.351 [cluster-ClusterId{value='688f859fc260e06c3f65615f', description='null'}-127.0.0.1:27017] INFO  org.mongodb.driver.cluster - Monitor thread successfully connected to server with description ServerDescription{address=127.0.0.1:27017, type=STANDALONE, state=CONNECTED, ok=true, minWireVersion=0, maxWireVersion=25, maxDocumentSize=16777216, logicalSessionTimeoutMinutes=30, roundTripTimeNanos=21964900}
2025-08-03 10:51:59.403 [main] WARN  org.springframework.data.convert.CustomConversions - Registering converter from class java.time.Instant to class java.time.OffsetDateTime as reading converter although it doesn't convert from a store-supported type; You might want to check your annotation setup at the converter implementation
2025-08-03 10:51:59.404 [main] WARN  org.springframework.data.convert.CustomConversions - Registering converter from class java.time.OffsetDateTime to class java.time.Instant as writing converter although it doesn't convert to a store-supported type; You might want to check your annotation setup at the converter implementation
2025-08-03 10:51:59.671 [main] INFO  com.hacom.order_process_system.config.AkkaConfig - Creating Akka ActorSystem
2025-08-03 10:52:00.137 [main] INFO  com.hacom.order_process_system.service.SmsService - Initializing SMPP client
2025-08-03 10:52:00.214 [main] ERROR com.hacom.order_process_system.service.SmsService - Failed to initialize SMPP client: Unable to connect to host [localhost] and port [2775]: Connection refused: getsockopt: localhost/127.0.0.1:2775
2025-08-03 10:52:00.214 [main] INFO  com.hacom.order_process_system.config.AkkaConfig - Creating OrderProcessingActor
2025-08-03 10:52:00.426 [main] INFO  net.devh.boot.grpc.client.autoconfigure.GrpcClientAutoConfiguration - Detected grpc-netty-shaded: Creating ShadedNettyChannelFactory + InProcessChannelFactory
2025-08-03 10:52:00.522 [main] INFO  org.springframework.boot.actuate.endpoint.web.EndpointLinksResolver - Exposing 3 endpoint(s) beneath base path '/actuator'
2025-08-03 10:52:00.633 [main] INFO  net.devh.boot.grpc.server.autoconfigure.GrpcServerFactoryAutoConfiguration - Detected grpc-netty-shaded: Creating ShadedNettyGrpcServerFactory
2025-08-03 10:52:00.914 [main] INFO  org.springframework.boot.web.embedded.netty.NettyWebServer - Netty started on port 9898
2025-08-03 10:52:00.974 [main] INFO  net.devh.boot.grpc.server.serverfactory.AbstractGrpcServerFactory - Registered gRPC service: order.OrderService, bean: orderGrpcService, class: com.hacom.order_process_system.grpc.OrderGrpcService
2025-08-03 10:52:00.974 [main] INFO  net.devh.boot.grpc.server.serverfactory.AbstractGrpcServerFactory - Registered gRPC service: grpc.health.v1.Health, bean: grpcHealthService, class: io.grpc.protobuf.services.HealthServiceImpl
2025-08-03 10:52:00.974 [main] INFO  net.devh.boot.grpc.server.serverfactory.AbstractGrpcServerFactory - Registered gRPC service: grpc.reflection.v1alpha.ServerReflection, bean: protoReflectionService, class: io.grpc.protobuf.services.ProtoReflectionService
2025-08-03 10:52:01.105 [main] INFO  net.devh.boot.grpc.server.serverfactory.GrpcServerLifecycle - gRPC Server started, listening on address: *, port: 9090
2025-08-03 10:52:01.118 [main] INFO  com.hacom.order_process_system.OrderProcessSystemApplication - Started OrderProcessSystemApplication in 3.481 seconds (process running for 4.272)
2025-08-03 10:52:01.122 [main] INFO  com.hacom.order_process_system.OrderProcessSystemApplication - Order Processing Application started successfully
2025-08-03 10:55:31.157 [main] INFO  com.hacom.order_process_system.OrderProcessSystemApplication - Starting Order Processing Application
2025-08-03 10:55:31.159 [main] TRACE com.hacom.order_process_system.OrderProcessSystemApplication - Esto es un log TRACE para pruebas
2025-08-03 10:55:31.532 [main] INFO  com.hacom.order_process_system.OrderProcessSystemApplication - Starting OrderProcessSystemApplication using Java 17.0.15 with PID 13588 (C:\Users\LENOVO\Desktop\Yair\ProyectoJavaEntrevista\order-process-system\build\classes\java\main started by LENOVO in C:\Users\LENOVO\Desktop\Yair\ProyectoJavaEntrevista\order-process-system)
2025-08-03 10:55:31.533 [main] DEBUG com.hacom.order_process_system.OrderProcessSystemApplication - Running with Spring Boot v3.2.0, Spring v6.1.1
2025-08-03 10:55:31.533 [main] INFO  com.hacom.order_process_system.OrderProcessSystemApplication - No active profile set, falling back to 1 default profile: "default"
2025-08-03 10:55:32.219 [main] INFO  org.springframework.data.repository.config.RepositoryConfigurationDelegate - Bootstrapping Spring Data Reactive MongoDB repositories in DEFAULT mode.
2025-08-03 10:55:32.355 [main] INFO  org.springframework.data.repository.config.RepositoryConfigurationDelegate - Finished Spring Data repository scanning in 131 ms. Found 1 Reactive MongoDB repository interface.
2025-08-03 10:55:32.595 [main] INFO  com.hacom.order_process_system.config.WebFluxConfig - Configuring WebFlux server port: 9898
2025-08-03 10:55:32.753 [main] INFO  com.hacom.order_process_system.config.MongoConfig - Creating MongoDB client with URI: mongodb://127.0.0.1:27017
2025-08-03 10:55:32.920 [main] INFO  org.mongodb.driver.client - MongoClient with metadata {"driver": {"name": "mongo-java-driver|reactive-streams", "version": "4.11.1"}, "os": {"type": "Windows", "name": "Windows 10", "architecture": "amd64", "version": "10.0"}, "platform": "Java/Eclipse Adoptium/17.0.15+6"} created with settings MongoClientSettings{readPreference=primary, writeConcern=WriteConcern{w=null, wTimeout=null ms, journal=null}, retryWrites=true, retryReads=true, readConcern=ReadConcern{level=null}, credential=null, transportSettings=null, streamFactoryFactory=null, commandListeners=[], codecRegistry=ProvidersCodecRegistry{codecProviders=[ValueCodecProvider{}, BsonValueCodecProvider{}, DBRefCodecProvider{}, DBObjectCodecProvider{}, DocumentCodecProvider{}, CollectionCodecProvider{}, IterableCodecProvider{}, MapCodecProvider{}, GeoJsonCodecProvider{}, GridFSFileCodecProvider{}, Jsr310CodecProvider{}, JsonObjectCodecProvider{}, BsonCodecProvider{}, EnumCodecProvider{}, com.mongodb.client.model.mql.ExpressionCodecProvider@76e6c070, com.mongodb.Jep395RecordCodecProvider@184afb78, com.mongodb.KotlinCodecProvider@22da200e]}, loggerSettings=LoggerSettings{maxDocumentLength=1000}, clusterSettings={hosts=[127.0.0.1:27017], srvServiceName=mongodb, mode=SINGLE, requiredClusterType=UNKNOWN, requiredReplicaSetName='null', serverSelector='null', clusterListeners='[]', serverSelectionTimeout='30000 ms', localThreshold='15 ms'}, socketSettings=SocketSettings{connectTimeoutMS=10000, readTimeoutMS=0, receiveBufferSize=0, proxySettings=ProxySettings{host=null, port=null, username=null, password=null}}, heartbeatSocketSettings=SocketSettings{connectTimeoutMS=10000, readTimeoutMS=10000, receiveBufferSize=0, proxySettings=ProxySettings{host=null, port=null, username=null, password=null}}, connectionPoolSettings=ConnectionPoolSettings{maxSize=100, minSize=0, maxWaitTimeMS=120000, maxConnectionLifeTimeMS=0, maxConnectionIdleTimeMS=0, maintenanceInitialDelayMS=0, maintenanceFrequencyMS=60000, connectionPoolListeners=[], maxConnecting=2}, serverSettings=ServerSettings{heartbeatFrequencyMS=10000, minHeartbeatFrequencyMS=500, serverListeners='[]', serverMonitorListeners='[]'}, sslSettings=SslSettings{enabled=false, invalidHostNameAllowed=false, context=null}, applicationName='null', compressorList=[], uuidRepresentation=UNSPECIFIED, serverApi=null, autoEncryptionSettings=null, dnsClient=null, inetAddressResolver=null, contextProvider=null}
2025-08-03 10:55:32.926 [main] INFO  com.hacom.order_process_system.config.MongoConfig - Configuring MongoDB database: exampleDb
2025-08-03 10:55:32.929 [main] INFO  com.hacom.order_process_system.config.MongoConfig - Registering custom Mongo converters for OffsetDateTime
2025-08-03 10:55:32.931 [cluster-ClusterId{value='688f8674a54463172b4a017a', description='null'}-127.0.0.1:27017] INFO  org.mongodb.driver.cluster - Monitor thread successfully connected to server with description ServerDescription{address=127.0.0.1:27017, type=STANDALONE, state=CONNECTED, ok=true, minWireVersion=0, maxWireVersion=25, maxDocumentSize=16777216, logicalSessionTimeoutMinutes=30, roundTripTimeNanos=20978200}
2025-08-03 10:55:32.981 [main] WARN  org.springframework.data.convert.CustomConversions - Registering converter from class java.time.Instant to class java.time.OffsetDateTime as reading converter although it doesn't convert from a store-supported type; You might want to check your annotation setup at the converter implementation
2025-08-03 10:55:32.981 [main] WARN  org.springframework.data.convert.CustomConversions - Registering converter from class java.time.OffsetDateTime to class java.time.Instant as writing converter although it doesn't convert to a store-supported type; You might want to check your annotation setup at the converter implementation
2025-08-03 10:55:33.249 [main] INFO  com.hacom.order_process_system.config.AkkaConfig - Creating Akka ActorSystem
2025-08-03 10:55:33.707 [main] INFO  com.hacom.order_process_system.service.SmsService - Initializing SMPP client
2025-08-03 10:55:33.817 [main] INFO  com.cloudhopper.smpp.impl.DefaultSmppSession - sync send PDU: (bind_transceiver: 0x0000001F 0x00000009 0x00000000 0x00000001) (body: systemId [test] password [test] systemType [] interfaceVersion [0x34] addressRange (0x00 0x00 [])) (opts: )
2025-08-03 10:55:33.820 [main] INFO  com.cloudhopper.smpp.impl.DefaultSmppSession - write bytes: [0000001f000000090000000000000001746573740074657374000034000000]
2025-08-03 10:55:33.842 [HacomApp] INFO  com.cloudhopper.smpp.impl.DefaultSmppSession - read bytes: [00000021800000090000000000000001636c6f7564686f70706572000210000134]
2025-08-03 10:55:33.843 [HacomApp] INFO  com.cloudhopper.smpp.impl.DefaultSmppSession - received PDU: (bind_transceiver_resp: 0x00000021 0x80000009 0x00000000 0x00000001 result: "OK") (body: systemId [cloudhopper]) (opts: (sc_interface_version: 0x0210 0x0001 [34]))
2025-08-03 10:55:33.846 [main] INFO  com.hacom.order_process_system.service.SmsService - SMPP session established successfully
2025-08-03 10:55:33.846 [main] INFO  com.hacom.order_process_system.config.AkkaConfig - Creating OrderProcessingActor
2025-08-03 10:55:34.070 [main] INFO  net.devh.boot.grpc.client.autoconfigure.GrpcClientAutoConfiguration - Detected grpc-netty-shaded: Creating ShadedNettyChannelFactory + InProcessChannelFactory
2025-08-03 10:55:34.155 [main] INFO  org.springframework.boot.actuate.endpoint.web.EndpointLinksResolver - Exposing 3 endpoint(s) beneath base path '/actuator'
2025-08-03 10:55:34.239 [main] INFO  net.devh.boot.grpc.server.autoconfigure.GrpcServerFactoryAutoConfiguration - Detected grpc-netty-shaded: Creating ShadedNettyGrpcServerFactory
2025-08-03 10:55:34.493 [main] INFO  org.springframework.boot.web.embedded.netty.NettyWebServer - Netty started on port 9898
2025-08-03 10:55:34.553 [main] INFO  net.devh.boot.grpc.server.serverfactory.AbstractGrpcServerFactory - Registered gRPC service: order.OrderService, bean: orderGrpcService, class: com.hacom.order_process_system.grpc.OrderGrpcService
2025-08-03 10:55:34.553 [main] INFO  net.devh.boot.grpc.server.serverfactory.AbstractGrpcServerFactory - Registered gRPC service: grpc.health.v1.Health, bean: grpcHealthService, class: io.grpc.protobuf.services.HealthServiceImpl
2025-08-03 10:55:34.554 [main] INFO  net.devh.boot.grpc.server.serverfactory.AbstractGrpcServerFactory - Registered gRPC service: grpc.reflection.v1alpha.ServerReflection, bean: protoReflectionService, class: io.grpc.protobuf.services.ProtoReflectionService
2025-08-03 10:55:34.673 [main] INFO  net.devh.boot.grpc.server.serverfactory.GrpcServerLifecycle - gRPC Server started, listening on address: *, port: 9090
2025-08-03 10:55:34.687 [main] INFO  com.hacom.order_process_system.OrderProcessSystemApplication - Started OrderProcessSystemApplication in 3.461 seconds (process running for 4.23)
2025-08-03 10:55:34.696 [main] INFO  com.hacom.order_process_system.OrderProcessSystemApplication - Order Processing Application started successfully
2025-08-03 11:01:48.965 [grpc-default-executor-0] INFO  com.hacom.order_process_system.grpc.OrderGrpcService - Received gRPC request to create order: ORDER-002
2025-08-03 11:01:48.966 [grpc-default-executor-0] INFO  com.hacom.order_process_system.grpc.OrderGrpcService - Order processing message sent to actor for order: ORDER-002
2025-08-03 11:01:48.966 [OrderProcessingSystem-akka.actor.default-dispatcher-7] INFO  com.hacom.order_process_system.actor.OrderProcessingActor - Processing order: ORDER-002
2025-08-03 11:01:49.084 [Thread-8] INFO  com.hacom.order_process_system.actor.OrderProcessingActor - Order saved successfully: ORDER-002
2025-08-03 11:01:49.085 [Thread-8] INFO  com.hacom.order_process_system.service.SmsService - Sending SMS to 1234567890: Your order ORDER-002 has been processed
2025-08-03 11:01:49.086 [Thread-8] INFO  com.cloudhopper.smpp.impl.DefaultSmppSession - sync send PDU: (submit_sm: 0x00000057 0x00000004 0x00000000 0x00000002) (body: (serviceType [] sourceAddr [0x00 0x00 [12345]] destAddr [0x01 0x01 [1234567890]] esmCls [0x00] regDlvry [0x00] dcs [0x00] message [596F7572206F72646572204F524445522D30303220686173206265656E2070726F636573736564])) (opts: )
2025-08-03 11:01:49.086 [Thread-8] INFO  com.cloudhopper.smpp.impl.DefaultSmppSession - write bytes: [000000570000000400000000000000020000003132333435000101313233343536373839300000000000000000000027596f7572206f72646572204f524445522d30303220686173206265656e2070726f636573736564]
2025-08-03 11:01:49.090 [HacomApp] INFO  com.cloudhopper.smpp.impl.DefaultSmppSession - read bytes: [000000188000000400000000000000023030303030303200]
2025-08-03 11:01:49.090 [HacomApp] INFO  com.cloudhopper.smpp.impl.DefaultSmppSession - received PDU: (submit_sm_resp: 0x00000018 0x80000004 0x00000000 0x00000002 result: "OK") (body: (messageId [0000002])) (opts: )
2025-08-03 11:01:49.090 [Thread-8] INFO  com.hacom.order_process_system.service.SmsService - SMS sent successfully to 1234567890
2025-08-03 11:01:49.093 [Thread-8] INFO  com.hacom.order_process_system.actor.OrderProcessingActor - Order processing completed: ORDER-002
